The system is: Linux - 5.9.8_2 - x86_64
Compiling the C compiler identification source file "CMakeCCompilerId.c" succeeded.
Compiler: /usr/bin/cc 
Build flags: 
Id flags:  

The output was:
0


Compilation of the C compiler identification source "CMakeCCompilerId.c" produced "a.out"

The C compiler identification is GNU, found in "/home/artur/Programming/C++/astro-cpp/astrocpp/CMakeFiles/3.18.4/CompilerIdC/a.out"

Compiling the CXX compiler identification source file "CMakeCXXCompilerId.cpp" succeeded.
Compiler: /usr/bin/c++ 
Build flags: 
Id flags:  

The output was:
0


Compilation of the CXX compiler identification source "CMakeCXXCompilerId.cpp" produced "a.out"

The CXX compiler identification is GNU, found in "/home/artur/Programming/C++/astro-cpp/astrocpp/CMakeFiles/3.18.4/CompilerIdCXX/a.out"

Detecting C compiler ABI info compiled with the following output:
Change Dir: /home/artur/Programming/C++/astro-cpp/astrocpp/CMakeFiles/CMakeTmp

Run Build Command(s):/usr/bin/ninja cmTC_55d95 && [1/2] Building C object CMakeFiles/cmTC_55d95.dir/CMakeCCompilerABI.c.o
Using built-in specs.
COLLECT_GCC=/usr/bin/cc
Target: x86_64-linux-musl
Configured with: /builddir/gcc-9.3.0/configure --build=x86_64-linux-musl --enable-fast-character --disable-libsanitizer --disable-symvers libat_cv_have_ifunc=no --enable-vtable-verify --prefix=/usr --mandir=/usr/share/man --infodir=/usr/share/info --libexecdir=/usr/lib --libdir=/usr/lib --enable-threads=posix --enable-__cxa_atexit --disable-multilib --with-system-zlib --enable-shared --enable-lto --enable-plugins --enable-linker-build-id --disable-werror --disable-nls --enable-default-pie --enable-default-ssp --enable-checking=release --disable-libstdcxx-pch --with-isl --with-linker-hash-style=gnu --disable-libunwind-exceptions --disable-target-libiberty --enable-serial-configure --enable-languages=c,c++,objc,obj-c++,fortran,lto,go,ada
Thread model: posix
gcc version 9.3.0 (GCC) 
COLLECT_GCC_OPTIONS='-v' '-o' 'CMakeFiles/cmTC_55d95.dir/CMakeCCompilerABI.c.o' '-c' '-mtune=generic' '-march=x86-64'
 /usr/lib/gcc/x86_64-linux-musl/9.3.0/cc1 -quiet -v /usr/share/cmake-3.18/Modules/CMakeCCompilerABI.c -quiet -dumpbase CMakeCCompilerABI.c -mtune=generic -march=x86-64 -auxbase-strip CMakeFiles/cmTC_55d95.dir/CMakeCCompilerABI.c.o -version -o /tmp/ccbKfDJJ.s
GNU C17 (GCC) version 9.3.0 (x86_64-linux-musl)
	compiled by GNU C version 9.3.0, GMP version 6.2.0, MPFR version 4.0.2, MPC version 1.1.0, isl version isl-0.21-GMP

GGC heuristics: --param ggc-min-expand=100 --param ggc-min-heapsize=131072
ignoring nonexistent directory "/usr/lib/gcc/x86_64-linux-musl/9.3.0/../../../../x86_64-linux-musl/include"
#include "..." search starts here:
#include <...> search starts here:
 /usr/local/include
 /usr/include
 /usr/lib/gcc/x86_64-linux-musl/9.3.0/include
End of search list.
GNU C17 (GCC) version 9.3.0 (x86_64-linux-musl)
	compiled by GNU C version 9.3.0, GMP version 6.2.0, MPFR version 4.0.2, MPC version 1.1.0, isl version isl-0.21-GMP

GGC heuristics: --param ggc-min-expand=100 --param ggc-min-heapsize=131072
Compiler executable checksum: 4cb4041a9a9bce4f2e96fc0dce0d877a
COLLECT_GCC_OPTIONS='-v' '-o' 'CMakeFiles/cmTC_55d95.dir/CMakeCCompilerABI.c.o' '-c' '-mtune=generic' '-march=x86-64'
 as -v --64 -o CMakeFiles/cmTC_55d95.dir/CMakeCCompilerABI.c.o /tmp/ccbKfDJJ.s
GNU assembler version 2.34 (x86_64-unknown-linux-musl) using BFD version (GNU Binutils) 2.34
COMPILER_PATH=/usr/lib/gcc/x86_64-linux-musl/9.3.0/:/usr/lib/gcc/x86_64-linux-musl/9.3.0/:/usr/lib/gcc/x86_64-linux-musl/:/usr/lib/gcc/x86_64-linux-musl/9.3.0/:/usr/lib/gcc/x86_64-linux-musl/
LIBRARY_PATH=/usr/lib/gcc/x86_64-linux-musl/9.3.0/:/usr/lib/gcc/x86_64-linux-musl/9.3.0/../../../../lib/:/lib/../lib/:/usr/lib/../lib/:/usr/lib/gcc/x86_64-linux-musl/9.3.0/../../../:/lib/:/usr/lib/
COLLECT_GCC_OPTIONS='-v' '-o' 'CMakeFiles/cmTC_55d95.dir/CMakeCCompilerABI.c.o' '-c' '-mtune=generic' '-march=x86-64'
[2/2] Linking C executable cmTC_55d95
Using built-in specs.
COLLECT_GCC=/usr/bin/cc
COLLECT_LTO_WRAPPER=/usr/lib/gcc/x86_64-linux-musl/9.3.0/lto-wrapper
Target: x86_64-linux-musl
Configured with: /builddir/gcc-9.3.0/configure --build=x86_64-linux-musl --enable-fast-character --disable-libsanitizer --disable-symvers libat_cv_have_ifunc=no --enable-vtable-verify --prefix=/usr --mandir=/usr/share/man --infodir=/usr/share/info --libexecdir=/usr/lib --libdir=/usr/lib --enable-threads=posix --enable-__cxa_atexit --disable-multilib --with-system-zlib --enable-shared --enable-lto --enable-plugins --enable-linker-build-id --disable-werror --disable-nls --enable-default-pie --enable-default-ssp --enable-checking=release --disable-libstdcxx-pch --with-isl --with-linker-hash-style=gnu --disable-libunwind-exceptions --disable-target-libiberty --enable-serial-configure --enable-languages=c,c++,objc,obj-c++,fortran,lto,go,ada
Thread model: posix
gcc version 9.3.0 (GCC) 
COMPILER_PATH=/usr/lib/gcc/x86_64-linux-musl/9.3.0/:/usr/lib/gcc/x86_64-linux-musl/9.3.0/:/usr/lib/gcc/x86_64-linux-musl/:/usr/lib/gcc/x86_64-linux-musl/9.3.0/:/usr/lib/gcc/x86_64-linux-musl/
LIBRARY_PATH=/usr/lib/gcc/x86_64-linux-musl/9.3.0/:/usr/lib/gcc/x86_64-linux-musl/9.3.0/../../../../lib/:/lib/../lib/:/usr/lib/../lib/:/usr/lib/gcc/x86_64-linux-musl/9.3.0/../../../:/lib/:/usr/lib/
COLLECT_GCC_OPTIONS='-v' '-rdynamic' '-o' 'cmTC_55d95' '-mtune=generic' '-march=x86-64'
 /usr/lib/gcc/x86_64-linux-musl/9.3.0/collect2 -plugin /usr/lib/gcc/x86_64-linux-musl/9.3.0/liblto_plugin.so -plugin-opt=/usr/lib/gcc/x86_64-linux-musl/9.3.0/lto-wrapper -plugin-opt=-fresolution=/tmp/ccGcoAoi.res -plugin-opt=-pass-through=-lgcc -plugin-opt=-pass-through=-lgcc_s -plugin-opt=-pass-through=-lc -plugin-opt=-pass-through=-lgcc -plugin-opt=-pass-through=-lgcc_s --build-id --eh-frame-hdr --hash-style=gnu -m elf_x86_64 -export-dynamic -dynamic-linker /lib/ld-musl-x86_64.so.1 -pie -o cmTC_55d95 /usr/lib/gcc/x86_64-linux-musl/9.3.0/../../../../lib/Scrt1.o /usr/lib/gcc/x86_64-linux-musl/9.3.0/../../../../lib/crti.o /usr/lib/gcc/x86_64-linux-musl/9.3.0/crtbeginS.o -L/usr/lib/gcc/x86_64-linux-musl/9.3.0 -L/usr/lib/gcc/x86_64-linux-musl/9.3.0/../../../../lib -L/lib/../lib -L/usr/lib/../lib -L/usr/lib/gcc/x86_64-linux-musl/9.3.0/../../.. CMakeFiles/cmTC_55d95.dir/CMakeCCompilerABI.c.o -lssp_nonshared -lgcc --push-state --as-needed -lgcc_s --pop-state -lc -lgcc --push-state --as-needed -lgcc_s --pop-state /usr/lib/gcc/x86_64-linux-musl/9.3.0/crtendS.o /usr/lib/gcc/x86_64-linux-musl/9.3.0/../../../../lib/crtn.o
COLLECT_GCC_OPTIONS='-v' '-rdynamic' '-o' 'cmTC_55d95' '-mtune=generic' '-march=x86-64'



Parsed C implicit include dir info from above output: rv=done
  found start of include info
  found start of implicit include info
    add: [/usr/local/include]
    add: [/usr/include]
    add: [/usr/lib/gcc/x86_64-linux-musl/9.3.0/include]
  end of search list found
  collapse include dir [/usr/local/include] ==> [/usr/local/include]
  collapse include dir [/usr/include] ==> [/usr/include]
  collapse include dir [/usr/lib/gcc/x86_64-linux-musl/9.3.0/include] ==> [/usr/lib/gcc/x86_64-linux-musl/9.3.0/include]
  implicit include dirs: [/usr/local/include;/usr/include;/usr/lib/gcc/x86_64-linux-musl/9.3.0/include]


Parsed C implicit link information from above output:
  link line regex: [^( *|.*[/\])(ld|CMAKE_LINK_STARTFILE-NOTFOUND|([^/\]+-)?ld|collect2)[^/\]*( |$)]
  ignore line: [Change Dir: /home/artur/Programming/C++/astro-cpp/astrocpp/CMakeFiles/CMakeTmp]
  ignore line: []
  ignore line: [Run Build Command(s):/usr/bin/ninja cmTC_55d95 && [1/2] Building C object CMakeFiles/cmTC_55d95.dir/CMakeCCompilerABI.c.o]
  ignore line: [Using built-in specs.]
  ignore line: [COLLECT_GCC=/usr/bin/cc]
  ignore line: [Target: x86_64-linux-musl]
  ignore line: [Configured with: /builddir/gcc-9.3.0/configure --build=x86_64-linux-musl --enable-fast-character --disable-libsanitizer --disable-symvers libat_cv_have_ifunc=no --enable-vtable-verify --prefix=/usr --mandir=/usr/share/man --infodir=/usr/share/info --libexecdir=/usr/lib --libdir=/usr/lib --enable-threads=posix --enable-__cxa_atexit --disable-multilib --with-system-zlib --enable-shared --enable-lto --enable-plugins --enable-linker-build-id --disable-werror --disable-nls --enable-default-pie --enable-default-ssp --enable-checking=release --disable-libstdcxx-pch --with-isl --with-linker-hash-style=gnu --disable-libunwind-exceptions --disable-target-libiberty --enable-serial-configure --enable-languages=c c++ objc obj-c++ fortran lto go ada]
  ignore line: [Thread model: posix]
  ignore line: [gcc version 9.3.0 (GCC) ]
  ignore line: [COLLECT_GCC_OPTIONS='-v' '-o' 'CMakeFiles/cmTC_55d95.dir/CMakeCCompilerABI.c.o' '-c' '-mtune=generic' '-march=x86-64']
  ignore line: [ /usr/lib/gcc/x86_64-linux-musl/9.3.0/cc1 -quiet -v /usr/share/cmake-3.18/Modules/CMakeCCompilerABI.c -quiet -dumpbase CMakeCCompilerABI.c -mtune=generic -march=x86-64 -auxbase-strip CMakeFiles/cmTC_55d95.dir/CMakeCCompilerABI.c.o -version -o /tmp/ccbKfDJJ.s]
  ignore line: [GNU C17 (GCC) version 9.3.0 (x86_64-linux-musl)]
  ignore line: [	compiled by GNU C version 9.3.0  GMP version 6.2.0  MPFR version 4.0.2  MPC version 1.1.0  isl version isl-0.21-GMP]
  ignore line: []
  ignore line: [GGC heuristics: --param ggc-min-expand=100 --param ggc-min-heapsize=131072]
  ignore line: [ignoring nonexistent directory "/usr/lib/gcc/x86_64-linux-musl/9.3.0/../../../../x86_64-linux-musl/include"]
  ignore line: [#include "..." search starts here:]
  ignore line: [#include <...> search starts here:]
  ignore line: [ /usr/local/include]
  ignore line: [ /usr/include]
  ignore line: [ /usr/lib/gcc/x86_64-linux-musl/9.3.0/include]
  ignore line: [End of search list.]
  ignore line: [GNU C17 (GCC) version 9.3.0 (x86_64-linux-musl)]
  ignore line: [	compiled by GNU C version 9.3.0  GMP version 6.2.0  MPFR version 4.0.2  MPC version 1.1.0  isl version isl-0.21-GMP]
  ignore line: []
  ignore line: [GGC heuristics: --param ggc-min-expand=100 --param ggc-min-heapsize=131072]
  ignore line: [Compiler executable checksum: 4cb4041a9a9bce4f2e96fc0dce0d877a]
  ignore line: [COLLECT_GCC_OPTIONS='-v' '-o' 'CMakeFiles/cmTC_55d95.dir/CMakeCCompilerABI.c.o' '-c' '-mtune=generic' '-march=x86-64']
  ignore line: [ as -v --64 -o CMakeFiles/cmTC_55d95.dir/CMakeCCompilerABI.c.o /tmp/ccbKfDJJ.s]
  ignore line: [GNU assembler version 2.34 (x86_64-unknown-linux-musl) using BFD version (GNU Binutils) 2.34]
  ignore line: [COMPILER_PATH=/usr/lib/gcc/x86_64-linux-musl/9.3.0/:/usr/lib/gcc/x86_64-linux-musl/9.3.0/:/usr/lib/gcc/x86_64-linux-musl/:/usr/lib/gcc/x86_64-linux-musl/9.3.0/:/usr/lib/gcc/x86_64-linux-musl/]
  ignore line: [LIBRARY_PATH=/usr/lib/gcc/x86_64-linux-musl/9.3.0/:/usr/lib/gcc/x86_64-linux-musl/9.3.0/../../../../lib/:/lib/../lib/:/usr/lib/../lib/:/usr/lib/gcc/x86_64-linux-musl/9.3.0/../../../:/lib/:/usr/lib/]
  ignore line: [COLLECT_GCC_OPTIONS='-v' '-o' 'CMakeFiles/cmTC_55d95.dir/CMakeCCompilerABI.c.o' '-c' '-mtune=generic' '-march=x86-64']
  ignore line: [[2/2] Linking C executable cmTC_55d95]
  ignore line: [Using built-in specs.]
  ignore line: [COLLECT_GCC=/usr/bin/cc]
  ignore line: [COLLECT_LTO_WRAPPER=/usr/lib/gcc/x86_64-linux-musl/9.3.0/lto-wrapper]
  ignore line: [Target: x86_64-linux-musl]
  ignore line: [Configured with: /builddir/gcc-9.3.0/configure --build=x86_64-linux-musl --enable-fast-character --disable-libsanitizer --disable-symvers libat_cv_have_ifunc=no --enable-vtable-verify --prefix=/usr --mandir=/usr/share/man --infodir=/usr/share/info --libexecdir=/usr/lib --libdir=/usr/lib --enable-threads=posix --enable-__cxa_atexit --disable-multilib --with-system-zlib --enable-shared --enable-lto --enable-plugins --enable-linker-build-id --disable-werror --disable-nls --enable-default-pie --enable-default-ssp --enable-checking=release --disable-libstdcxx-pch --with-isl --with-linker-hash-style=gnu --disable-libunwind-exceptions --disable-target-libiberty --enable-serial-configure --enable-languages=c c++ objc obj-c++ fortran lto go ada]
  ignore line: [Thread model: posix]
  ignore line: [gcc version 9.3.0 (GCC) ]
  ignore line: [COMPILER_PATH=/usr/lib/gcc/x86_64-linux-musl/9.3.0/:/usr/lib/gcc/x86_64-linux-musl/9.3.0/:/usr/lib/gcc/x86_64-linux-musl/:/usr/lib/gcc/x86_64-linux-musl/9.3.0/:/usr/lib/gcc/x86_64-linux-musl/]
  ignore line: [LIBRARY_PATH=/usr/lib/gcc/x86_64-linux-musl/9.3.0/:/usr/lib/gcc/x86_64-linux-musl/9.3.0/../../../../lib/:/lib/../lib/:/usr/lib/../lib/:/usr/lib/gcc/x86_64-linux-musl/9.3.0/../../../:/lib/:/usr/lib/]
  ignore line: [COLLECT_GCC_OPTIONS='-v' '-rdynamic' '-o' 'cmTC_55d95' '-mtune=generic' '-march=x86-64']
  link line: [ /usr/lib/gcc/x86_64-linux-musl/9.3.0/collect2 -plugin /usr/lib/gcc/x86_64-linux-musl/9.3.0/liblto_plugin.so -plugin-opt=/usr/lib/gcc/x86_64-linux-musl/9.3.0/lto-wrapper -plugin-opt=-fresolution=/tmp/ccGcoAoi.res -plugin-opt=-pass-through=-lgcc -plugin-opt=-pass-through=-lgcc_s -plugin-opt=-pass-through=-lc -plugin-opt=-pass-through=-lgcc -plugin-opt=-pass-through=-lgcc_s --build-id --eh-frame-hdr --hash-style=gnu -m elf_x86_64 -export-dynamic -dynamic-linker /lib/ld-musl-x86_64.so.1 -pie -o cmTC_55d95 /usr/lib/gcc/x86_64-linux-musl/9.3.0/../../../../lib/Scrt1.o /usr/lib/gcc/x86_64-linux-musl/9.3.0/../../../../lib/crti.o /usr/lib/gcc/x86_64-linux-musl/9.3.0/crtbeginS.o -L/usr/lib/gcc/x86_64-linux-musl/9.3.0 -L/usr/lib/gcc/x86_64-linux-musl/9.3.0/../../../../lib -L/lib/../lib -L/usr/lib/../lib -L/usr/lib/gcc/x86_64-linux-musl/9.3.0/../../.. CMakeFiles/cmTC_55d95.dir/CMakeCCompilerABI.c.o -lssp_nonshared -lgcc --push-state --as-needed -lgcc_s --pop-state -lc -lgcc --push-state --as-needed -lgcc_s --pop-state /usr/lib/gcc/x86_64-linux-musl/9.3.0/crtendS.o /usr/lib/gcc/x86_64-linux-musl/9.3.0/../../../../lib/crtn.o]
    arg [/usr/lib/gcc/x86_64-linux-musl/9.3.0/collect2] ==> ignore
    arg [-plugin] ==> ignore
    arg [/usr/lib/gcc/x86_64-linux-musl/9.3.0/liblto_plugin.so] ==> ignore
    arg [-plugin-opt=/usr/lib/gcc/x86_64-linux-musl/9.3.0/lto-wrapper] ==> ignore
    arg [-plugin-opt=-fresolution=/tmp/ccGcoAoi.res] ==> ignore
    arg [-plugin-opt=-pass-through=-lgcc] ==> ignore
    arg [-plugin-opt=-pass-through=-lgcc_s] ==> ignore
    arg [-plugin-opt=-pass-through=-lc] ==> ignore
    arg [-plugin-opt=-pass-through=-lgcc] ==> ignore
    arg [-plugin-opt=-pass-through=-lgcc_s] ==> ignore
    arg [--build-id] ==> ignore
    arg [--eh-frame-hdr] ==> ignore
    arg [--hash-style=gnu] ==> ignore
    arg [-m] ==> ignore
    arg [elf_x86_64] ==> ignore
    arg [-export-dynamic] ==> ignore
    arg [-dynamic-linker] ==> ignore
    arg [/lib/ld-musl-x86_64.so.1] ==> ignore
    arg [-pie] ==> ignore
    arg [-o] ==> ignore
    arg [cmTC_55d95] ==> ignore
    arg [/usr/lib/gcc/x86_64-linux-musl/9.3.0/../../../../lib/Scrt1.o] ==> ignore
    arg [/usr/lib/gcc/x86_64-linux-musl/9.3.0/../../../../lib/crti.o] ==> ignore
    arg [/usr/lib/gcc/x86_64-linux-musl/9.3.0/crtbeginS.o] ==> ignore
    arg [-L/usr/lib/gcc/x86_64-linux-musl/9.3.0] ==> dir [/usr/lib/gcc/x86_64-linux-musl/9.3.0]
    arg [-L/usr/lib/gcc/x86_64-linux-musl/9.3.0/../../../../lib] ==> dir [/usr/lib/gcc/x86_64-linux-musl/9.3.0/../../../../lib]
    arg [-L/lib/../lib] ==> dir [/lib/../lib]
    arg [-L/usr/lib/../lib] ==> dir [/usr/lib/../lib]
    arg [-L/usr/lib/gcc/x86_64-linux-musl/9.3.0/../../..] ==> dir [/usr/lib/gcc/x86_64-linux-musl/9.3.0/../../..]
    arg [CMakeFiles/cmTC_55d95.dir/CMakeCCompilerABI.c.o] ==> ignore
    arg [-lssp_nonshared] ==> lib [ssp_nonshared]
    arg [-lgcc] ==> lib [gcc]
    arg [--push-state] ==> ignore
    arg [--as-needed] ==> ignore
    arg [-lgcc_s] ==> lib [gcc_s]
    arg [--pop-state] ==> ignore
    arg [-lc] ==> lib [c]
    arg [-lgcc] ==> lib [gcc]
    arg [--push-state] ==> ignore
    arg [--as-needed] ==> ignore
    arg [-lgcc_s] ==> lib [gcc_s]
    arg [--pop-state] ==> ignore
    arg [/usr/lib/gcc/x86_64-linux-musl/9.3.0/crtendS.o] ==> ignore
    arg [/usr/lib/gcc/x86_64-linux-musl/9.3.0/../../../../lib/crtn.o] ==> ignore
  collapse library dir [/usr/lib/gcc/x86_64-linux-musl/9.3.0] ==> [/usr/lib/gcc/x86_64-linux-musl/9.3.0]
  collapse library dir [/usr/lib/gcc/x86_64-linux-musl/9.3.0/../../../../lib] ==> [/usr/lib]
  collapse library dir [/lib/../lib] ==> [/lib]
  collapse library dir [/usr/lib/../lib] ==> [/usr/lib]
  collapse library dir [/usr/lib/gcc/x86_64-linux-musl/9.3.0/../../..] ==> [/usr/lib]
  implicit libs: [ssp_nonshared;gcc;gcc_s;c;gcc;gcc_s]
  implicit dirs: [/usr/lib/gcc/x86_64-linux-musl/9.3.0;/usr/lib;/lib]
  implicit fwks: []


Detecting CXX compiler ABI info compiled with the following output:
Change Dir: /home/artur/Programming/C++/astro-cpp/astrocpp/CMakeFiles/CMakeTmp

Run Build Command(s):/usr/bin/ninja cmTC_49dcb && [1/2] Building CXX object CMakeFiles/cmTC_49dcb.dir/CMakeCXXCompilerABI.cpp.o
Using built-in specs.
COLLECT_GCC=/usr/bin/c++
Target: x86_64-linux-musl
Configured with: /builddir/gcc-9.3.0/configure --build=x86_64-linux-musl --enable-fast-character --disable-libsanitizer --disable-symvers libat_cv_have_ifunc=no --enable-vtable-verify --prefix=/usr --mandir=/usr/share/man --infodir=/usr/share/info --libexecdir=/usr/lib --libdir=/usr/lib --enable-threads=posix --enable-__cxa_atexit --disable-multilib --with-system-zlib --enable-shared --enable-lto --enable-plugins --enable-linker-build-id --disable-werror --disable-nls --enable-default-pie --enable-default-ssp --enable-checking=release --disable-libstdcxx-pch --with-isl --with-linker-hash-style=gnu --disable-libunwind-exceptions --disable-target-libiberty --enable-serial-configure --enable-languages=c,c++,objc,obj-c++,fortran,lto,go,ada
Thread model: posix
gcc version 9.3.0 (GCC) 
COLLECT_GCC_OPTIONS='-v' '-o' 'CMakeFiles/cmTC_49dcb.dir/CMakeCXXCompilerABI.cpp.o' '-c' '-shared-libgcc' '-mtune=generic' '-march=x86-64'
 /usr/lib/gcc/x86_64-linux-musl/9.3.0/cc1plus -quiet -v -D_GNU_SOURCE /usr/share/cmake-3.18/Modules/CMakeCXXCompilerABI.cpp -quiet -dumpbase CMakeCXXCompilerABI.cpp -mtune=generic -march=x86-64 -auxbase-strip CMakeFiles/cmTC_49dcb.dir/CMakeCXXCompilerABI.cpp.o -version -o /tmp/ccOchNlj.s
GNU C++14 (GCC) version 9.3.0 (x86_64-linux-musl)
	compiled by GNU C version 9.3.0, GMP version 6.2.0, MPFR version 4.0.2, MPC version 1.1.0, isl version isl-0.21-GMP

GGC heuristics: --param ggc-min-expand=100 --param ggc-min-heapsize=131072
ignoring nonexistent directory "/usr/lib/gcc/x86_64-linux-musl/9.3.0/../../../../x86_64-linux-musl/include"
#include "..." search starts here:
#include <...> search starts here:
 /usr/lib/gcc/x86_64-linux-musl/9.3.0/../../../../include/c++/9.3.0
 /usr/lib/gcc/x86_64-linux-musl/9.3.0/../../../../include/c++/9.3.0/x86_64-linux-musl
 /usr/lib/gcc/x86_64-linux-musl/9.3.0/../../../../include/c++/9.3.0/backward
 /usr/local/include
 /usr/include
 /usr/lib/gcc/x86_64-linux-musl/9.3.0/include
End of search list.
GNU C++14 (GCC) version 9.3.0 (x86_64-linux-musl)
	compiled by GNU C version 9.3.0, GMP version 6.2.0, MPFR version 4.0.2, MPC version 1.1.0, isl version isl-0.21-GMP

GGC heuristics: --param ggc-min-expand=100 --param ggc-min-heapsize=131072
Compiler executable checksum: eae7cfbbe7007d3a9f6bbafde3181513
COLLECT_GCC_OPTIONS='-v' '-o' 'CMakeFiles/cmTC_49dcb.dir/CMakeCXXCompilerABI.cpp.o' '-c' '-shared-libgcc' '-mtune=generic' '-march=x86-64'
 as -v --64 -o CMakeFiles/cmTC_49dcb.dir/CMakeCXXCompilerABI.cpp.o /tmp/ccOchNlj.s
GNU assembler version 2.34 (x86_64-unknown-linux-musl) using BFD version (GNU Binutils) 2.34
COMPILER_PATH=/usr/lib/gcc/x86_64-linux-musl/9.3.0/:/usr/lib/gcc/x86_64-linux-musl/9.3.0/:/usr/lib/gcc/x86_64-linux-musl/:/usr/lib/gcc/x86_64-linux-musl/9.3.0/:/usr/lib/gcc/x86_64-linux-musl/
LIBRARY_PATH=/usr/lib/gcc/x86_64-linux-musl/9.3.0/:/usr/lib/gcc/x86_64-linux-musl/9.3.0/../../../../lib/:/lib/../lib/:/usr/lib/../lib/:/usr/lib/gcc/x86_64-linux-musl/9.3.0/../../../:/lib/:/usr/lib/
COLLECT_GCC_OPTIONS='-v' '-o' 'CMakeFiles/cmTC_49dcb.dir/CMakeCXXCompilerABI.cpp.o' '-c' '-shared-libgcc' '-mtune=generic' '-march=x86-64'
[2/2] Linking CXX executable cmTC_49dcb
Using built-in specs.
COLLECT_GCC=/usr/bin/c++
COLLECT_LTO_WRAPPER=/usr/lib/gcc/x86_64-linux-musl/9.3.0/lto-wrapper
Target: x86_64-linux-musl
Configured with: /builddir/gcc-9.3.0/configure --build=x86_64-linux-musl --enable-fast-character --disable-libsanitizer --disable-symvers libat_cv_have_ifunc=no --enable-vtable-verify --prefix=/usr --mandir=/usr/share/man --infodir=/usr/share/info --libexecdir=/usr/lib --libdir=/usr/lib --enable-threads=posix --enable-__cxa_atexit --disable-multilib --with-system-zlib --enable-shared --enable-lto --enable-plugins --enable-linker-build-id --disable-werror --disable-nls --enable-default-pie --enable-default-ssp --enable-checking=release --disable-libstdcxx-pch --with-isl --with-linker-hash-style=gnu --disable-libunwind-exceptions --disable-target-libiberty --enable-serial-configure --enable-languages=c,c++,objc,obj-c++,fortran,lto,go,ada
Thread model: posix
gcc version 9.3.0 (GCC) 
COMPILER_PATH=/usr/lib/gcc/x86_64-linux-musl/9.3.0/:/usr/lib/gcc/x86_64-linux-musl/9.3.0/:/usr/lib/gcc/x86_64-linux-musl/:/usr/lib/gcc/x86_64-linux-musl/9.3.0/:/usr/lib/gcc/x86_64-linux-musl/
LIBRARY_PATH=/usr/lib/gcc/x86_64-linux-musl/9.3.0/:/usr/lib/gcc/x86_64-linux-musl/9.3.0/../../../../lib/:/lib/../lib/:/usr/lib/../lib/:/usr/lib/gcc/x86_64-linux-musl/9.3.0/../../../:/lib/:/usr/lib/
COLLECT_GCC_OPTIONS='-v' '-rdynamic' '-o' 'cmTC_49dcb' '-shared-libgcc' '-mtune=generic' '-march=x86-64'
 /usr/lib/gcc/x86_64-linux-musl/9.3.0/collect2 -plugin /usr/lib/gcc/x86_64-linux-musl/9.3.0/liblto_plugin.so -plugin-opt=/usr/lib/gcc/x86_64-linux-musl/9.3.0/lto-wrapper -plugin-opt=-fresolution=/tmp/ccIFmONN.res -plugin-opt=-pass-through=-lgcc_s -plugin-opt=-pass-through=-lgcc -plugin-opt=-pass-through=-lc -plugin-opt=-pass-through=-lgcc_s -plugin-opt=-pass-through=-lgcc --build-id --eh-frame-hdr --hash-style=gnu -m elf_x86_64 -export-dynamic -dynamic-linker /lib/ld-musl-x86_64.so.1 -pie -o cmTC_49dcb /usr/lib/gcc/x86_64-linux-musl/9.3.0/../../../../lib/Scrt1.o /usr/lib/gcc/x86_64-linux-musl/9.3.0/../../../../lib/crti.o /usr/lib/gcc/x86_64-linux-musl/9.3.0/crtbeginS.o -L/usr/lib/gcc/x86_64-linux-musl/9.3.0 -L/usr/lib/gcc/x86_64-linux-musl/9.3.0/../../../../lib -L/lib/../lib -L/usr/lib/../lib -L/usr/lib/gcc/x86_64-linux-musl/9.3.0/../../.. CMakeFiles/cmTC_49dcb.dir/CMakeCXXCompilerABI.cpp.o -lstdc++ -lm -lssp_nonshared -lgcc_s -lgcc -lc -lgcc_s -lgcc /usr/lib/gcc/x86_64-linux-musl/9.3.0/crtendS.o /usr/lib/gcc/x86_64-linux-musl/9.3.0/../../../../lib/crtn.o
COLLECT_GCC_OPTIONS='-v' '-rdynamic' '-o' 'cmTC_49dcb' '-shared-libgcc' '-mtune=generic' '-march=x86-64'



Parsed CXX implicit include dir info from above output: rv=done
  found start of include info
  found start of implicit include info
    add: [/usr/lib/gcc/x86_64-linux-musl/9.3.0/../../../../include/c++/9.3.0]
    add: [/usr/lib/gcc/x86_64-linux-musl/9.3.0/../../../../include/c++/9.3.0/x86_64-linux-musl]
    add: [/usr/lib/gcc/x86_64-linux-musl/9.3.0/../../../../include/c++/9.3.0/backward]
    add: [/usr/local/include]
    add: [/usr/include]
    add: [/usr/lib/gcc/x86_64-linux-musl/9.3.0/include]
  end of search list found
  collapse include dir [/usr/lib/gcc/x86_64-linux-musl/9.3.0/../../../../include/c++/9.3.0] ==> [/usr/include/c++/9.3.0]
  collapse include dir [/usr/lib/gcc/x86_64-linux-musl/9.3.0/../../../../include/c++/9.3.0/x86_64-linux-musl] ==> [/usr/include/c++/9.3.0/x86_64-linux-musl]
  collapse include dir [/usr/lib/gcc/x86_64-linux-musl/9.3.0/../../../../include/c++/9.3.0/backward] ==> [/usr/include/c++/9.3.0/backward]
  collapse include dir [/usr/local/include] ==> [/usr/local/include]
  collapse include dir [/usr/include] ==> [/usr/include]
  collapse include dir [/usr/lib/gcc/x86_64-linux-musl/9.3.0/include] ==> [/usr/lib/gcc/x86_64-linux-musl/9.3.0/include]
  implicit include dirs: [/usr/include/c++/9.3.0;/usr/include/c++/9.3.0/x86_64-linux-musl;/usr/include/c++/9.3.0/backward;/usr/local/include;/usr/include;/usr/lib/gcc/x86_64-linux-musl/9.3.0/include]


Parsed CXX implicit link information from above output:
  link line regex: [^( *|.*[/\])(ld|CMAKE_LINK_STARTFILE-NOTFOUND|([^/\]+-)?ld|collect2)[^/\]*( |$)]
  ignore line: [Change Dir: /home/artur/Programming/C++/astro-cpp/astrocpp/CMakeFiles/CMakeTmp]
  ignore line: []
  ignore line: [Run Build Command(s):/usr/bin/ninja cmTC_49dcb && [1/2] Building CXX object CMakeFiles/cmTC_49dcb.dir/CMakeCXXCompilerABI.cpp.o]
  ignore line: [Using built-in specs.]
  ignore line: [COLLECT_GCC=/usr/bin/c++]
  ignore line: [Target: x86_64-linux-musl]
  ignore line: [Configured with: /builddir/gcc-9.3.0/configure --build=x86_64-linux-musl --enable-fast-character --disable-libsanitizer --disable-symvers libat_cv_have_ifunc=no --enable-vtable-verify --prefix=/usr --mandir=/usr/share/man --infodir=/usr/share/info --libexecdir=/usr/lib --libdir=/usr/lib --enable-threads=posix --enable-__cxa_atexit --disable-multilib --with-system-zlib --enable-shared --enable-lto --enable-plugins --enable-linker-build-id --disable-werror --disable-nls --enable-default-pie --enable-default-ssp --enable-checking=release --disable-libstdcxx-pch --with-isl --with-linker-hash-style=gnu --disable-libunwind-exceptions --disable-target-libiberty --enable-serial-configure --enable-languages=c c++ objc obj-c++ fortran lto go ada]
  ignore line: [Thread model: posix]
  ignore line: [gcc version 9.3.0 (GCC) ]
  ignore line: [COLLECT_GCC_OPTIONS='-v' '-o' 'CMakeFiles/cmTC_49dcb.dir/CMakeCXXCompilerABI.cpp.o' '-c' '-shared-libgcc' '-mtune=generic' '-march=x86-64']
  ignore line: [ /usr/lib/gcc/x86_64-linux-musl/9.3.0/cc1plus -quiet -v -D_GNU_SOURCE /usr/share/cmake-3.18/Modules/CMakeCXXCompilerABI.cpp -quiet -dumpbase CMakeCXXCompilerABI.cpp -mtune=generic -march=x86-64 -auxbase-strip CMakeFiles/cmTC_49dcb.dir/CMakeCXXCompilerABI.cpp.o -version -o /tmp/ccOchNlj.s]
  ignore line: [GNU C++14 (GCC) version 9.3.0 (x86_64-linux-musl)]
  ignore line: [	compiled by GNU C version 9.3.0  GMP version 6.2.0  MPFR version 4.0.2  MPC version 1.1.0  isl version isl-0.21-GMP]
  ignore line: []
  ignore line: [GGC heuristics: --param ggc-min-expand=100 --param ggc-min-heapsize=131072]
  ignore line: [ignoring nonexistent directory "/usr/lib/gcc/x86_64-linux-musl/9.3.0/../../../../x86_64-linux-musl/include"]
  ignore line: [#include "..." search starts here:]
  ignore line: [#include <...> search starts here:]
  ignore line: [ /usr/lib/gcc/x86_64-linux-musl/9.3.0/../../../../include/c++/9.3.0]
  ignore line: [ /usr/lib/gcc/x86_64-linux-musl/9.3.0/../../../../include/c++/9.3.0/x86_64-linux-musl]
  ignore line: [ /usr/lib/gcc/x86_64-linux-musl/9.3.0/../../../../include/c++/9.3.0/backward]
  ignore line: [ /usr/local/include]
  ignore line: [ /usr/include]
  ignore line: [ /usr/lib/gcc/x86_64-linux-musl/9.3.0/include]
  ignore line: [End of search list.]
  ignore line: [GNU C++14 (GCC) version 9.3.0 (x86_64-linux-musl)]
  ignore line: [	compiled by GNU C version 9.3.0  GMP version 6.2.0  MPFR version 4.0.2  MPC version 1.1.0  isl version isl-0.21-GMP]
  ignore line: []
  ignore line: [GGC heuristics: --param ggc-min-expand=100 --param ggc-min-heapsize=131072]
  ignore line: [Compiler executable checksum: eae7cfbbe7007d3a9f6bbafde3181513]
  ignore line: [COLLECT_GCC_OPTIONS='-v' '-o' 'CMakeFiles/cmTC_49dcb.dir/CMakeCXXCompilerABI.cpp.o' '-c' '-shared-libgcc' '-mtune=generic' '-march=x86-64']
  ignore line: [ as -v --64 -o CMakeFiles/cmTC_49dcb.dir/CMakeCXXCompilerABI.cpp.o /tmp/ccOchNlj.s]
  ignore line: [GNU assembler version 2.34 (x86_64-unknown-linux-musl) using BFD version (GNU Binutils) 2.34]
  ignore line: [COMPILER_PATH=/usr/lib/gcc/x86_64-linux-musl/9.3.0/:/usr/lib/gcc/x86_64-linux-musl/9.3.0/:/usr/lib/gcc/x86_64-linux-musl/:/usr/lib/gcc/x86_64-linux-musl/9.3.0/:/usr/lib/gcc/x86_64-linux-musl/]
  ignore line: [LIBRARY_PATH=/usr/lib/gcc/x86_64-linux-musl/9.3.0/:/usr/lib/gcc/x86_64-linux-musl/9.3.0/../../../../lib/:/lib/../lib/:/usr/lib/../lib/:/usr/lib/gcc/x86_64-linux-musl/9.3.0/../../../:/lib/:/usr/lib/]
  ignore line: [COLLECT_GCC_OPTIONS='-v' '-o' 'CMakeFiles/cmTC_49dcb.dir/CMakeCXXCompilerABI.cpp.o' '-c' '-shared-libgcc' '-mtune=generic' '-march=x86-64']
  ignore line: [[2/2] Linking CXX executable cmTC_49dcb]
  ignore line: [Using built-in specs.]
  ignore line: [COLLECT_GCC=/usr/bin/c++]
  ignore line: [COLLECT_LTO_WRAPPER=/usr/lib/gcc/x86_64-linux-musl/9.3.0/lto-wrapper]
  ignore line: [Target: x86_64-linux-musl]
  ignore line: [Configured with: /builddir/gcc-9.3.0/configure --build=x86_64-linux-musl --enable-fast-character --disable-libsanitizer --disable-symvers libat_cv_have_ifunc=no --enable-vtable-verify --prefix=/usr --mandir=/usr/share/man --infodir=/usr/share/info --libexecdir=/usr/lib --libdir=/usr/lib --enable-threads=posix --enable-__cxa_atexit --disable-multilib --with-system-zlib --enable-shared --enable-lto --enable-plugins --enable-linker-build-id --disable-werror --disable-nls --enable-default-pie --enable-default-ssp --enable-checking=release --disable-libstdcxx-pch --with-isl --with-linker-hash-style=gnu --disable-libunwind-exceptions --disable-target-libiberty --enable-serial-configure --enable-languages=c c++ objc obj-c++ fortran lto go ada]
  ignore line: [Thread model: posix]
  ignore line: [gcc version 9.3.0 (GCC) ]
  ignore line: [COMPILER_PATH=/usr/lib/gcc/x86_64-linux-musl/9.3.0/:/usr/lib/gcc/x86_64-linux-musl/9.3.0/:/usr/lib/gcc/x86_64-linux-musl/:/usr/lib/gcc/x86_64-linux-musl/9.3.0/:/usr/lib/gcc/x86_64-linux-musl/]
  ignore line: [LIBRARY_PATH=/usr/lib/gcc/x86_64-linux-musl/9.3.0/:/usr/lib/gcc/x86_64-linux-musl/9.3.0/../../../../lib/:/lib/../lib/:/usr/lib/../lib/:/usr/lib/gcc/x86_64-linux-musl/9.3.0/../../../:/lib/:/usr/lib/]
  ignore line: [COLLECT_GCC_OPTIONS='-v' '-rdynamic' '-o' 'cmTC_49dcb' '-shared-libgcc' '-mtune=generic' '-march=x86-64']
  link line: [ /usr/lib/gcc/x86_64-linux-musl/9.3.0/collect2 -plugin /usr/lib/gcc/x86_64-linux-musl/9.3.0/liblto_plugin.so -plugin-opt=/usr/lib/gcc/x86_64-linux-musl/9.3.0/lto-wrapper -plugin-opt=-fresolution=/tmp/ccIFmONN.res -plugin-opt=-pass-through=-lgcc_s -plugin-opt=-pass-through=-lgcc -plugin-opt=-pass-through=-lc -plugin-opt=-pass-through=-lgcc_s -plugin-opt=-pass-through=-lgcc --build-id --eh-frame-hdr --hash-style=gnu -m elf_x86_64 -export-dynamic -dynamic-linker /lib/ld-musl-x86_64.so.1 -pie -o cmTC_49dcb /usr/lib/gcc/x86_64-linux-musl/9.3.0/../../../../lib/Scrt1.o /usr/lib/gcc/x86_64-linux-musl/9.3.0/../../../../lib/crti.o /usr/lib/gcc/x86_64-linux-musl/9.3.0/crtbeginS.o -L/usr/lib/gcc/x86_64-linux-musl/9.3.0 -L/usr/lib/gcc/x86_64-linux-musl/9.3.0/../../../../lib -L/lib/../lib -L/usr/lib/../lib -L/usr/lib/gcc/x86_64-linux-musl/9.3.0/../../.. CMakeFiles/cmTC_49dcb.dir/CMakeCXXCompilerABI.cpp.o -lstdc++ -lm -lssp_nonshared -lgcc_s -lgcc -lc -lgcc_s -lgcc /usr/lib/gcc/x86_64-linux-musl/9.3.0/crtendS.o /usr/lib/gcc/x86_64-linux-musl/9.3.0/../../../../lib/crtn.o]
    arg [/usr/lib/gcc/x86_64-linux-musl/9.3.0/collect2] ==> ignore
    arg [-plugin] ==> ignore
    arg [/usr/lib/gcc/x86_64-linux-musl/9.3.0/liblto_plugin.so] ==> ignore
    arg [-plugin-opt=/usr/lib/gcc/x86_64-linux-musl/9.3.0/lto-wrapper] ==> ignore
    arg [-plugin-opt=-fresolution=/tmp/ccIFmONN.res] ==> ignore
    arg [-plugin-opt=-pass-through=-lgcc_s] ==> ignore
    arg [-plugin-opt=-pass-through=-lgcc] ==> ignore
    arg [-plugin-opt=-pass-through=-lc] ==> ignore
    arg [-plugin-opt=-pass-through=-lgcc_s] ==> ignore
    arg [-plugin-opt=-pass-through=-lgcc] ==> ignore
    arg [--build-id] ==> ignore
    arg [--eh-frame-hdr] ==> ignore
    arg [--hash-style=gnu] ==> ignore
    arg [-m] ==> ignore
    arg [elf_x86_64] ==> ignore
    arg [-export-dynamic] ==> ignore
    arg [-dynamic-linker] ==> ignore
    arg [/lib/ld-musl-x86_64.so.1] ==> ignore
    arg [-pie] ==> ignore
    arg [-o] ==> ignore
    arg [cmTC_49dcb] ==> ignore
    arg [/usr/lib/gcc/x86_64-linux-musl/9.3.0/../../../../lib/Scrt1.o] ==> ignore
    arg [/usr/lib/gcc/x86_64-linux-musl/9.3.0/../../../../lib/crti.o] ==> ignore
    arg [/usr/lib/gcc/x86_64-linux-musl/9.3.0/crtbeginS.o] ==> ignore
    arg [-L/usr/lib/gcc/x86_64-linux-musl/9.3.0] ==> dir [/usr/lib/gcc/x86_64-linux-musl/9.3.0]
    arg [-L/usr/lib/gcc/x86_64-linux-musl/9.3.0/../../../../lib] ==> dir [/usr/lib/gcc/x86_64-linux-musl/9.3.0/../../../../lib]
    arg [-L/lib/../lib] ==> dir [/lib/../lib]
    arg [-L/usr/lib/../lib] ==> dir [/usr/lib/../lib]
    arg [-L/usr/lib/gcc/x86_64-linux-musl/9.3.0/../../..] ==> dir [/usr/lib/gcc/x86_64-linux-musl/9.3.0/../../..]
    arg [CMakeFiles/cmTC_49dcb.dir/CMakeCXXCompilerABI.cpp.o] ==> ignore
    arg [-lstdc++] ==> lib [stdc++]
    arg [-lm] ==> lib [m]
    arg [-lssp_nonshared] ==> lib [ssp_nonshared]
    arg [-lgcc_s] ==> lib [gcc_s]
    arg [-lgcc] ==> lib [gcc]
    arg [-lc] ==> lib [c]
    arg [-lgcc_s] ==> lib [gcc_s]
    arg [-lgcc] ==> lib [gcc]
    arg [/usr/lib/gcc/x86_64-linux-musl/9.3.0/crtendS.o] ==> ignore
    arg [/usr/lib/gcc/x86_64-linux-musl/9.3.0/../../../../lib/crtn.o] ==> ignore
  collapse library dir [/usr/lib/gcc/x86_64-linux-musl/9.3.0] ==> [/usr/lib/gcc/x86_64-linux-musl/9.3.0]
  collapse library dir [/usr/lib/gcc/x86_64-linux-musl/9.3.0/../../../../lib] ==> [/usr/lib]
  collapse library dir [/lib/../lib] ==> [/lib]
  collapse library dir [/usr/lib/../lib] ==> [/usr/lib]
  collapse library dir [/usr/lib/gcc/x86_64-linux-musl/9.3.0/../../..] ==> [/usr/lib]
  implicit libs: [stdc++;m;ssp_nonshared;gcc_s;gcc;c;gcc_s;gcc]
  implicit dirs: [/usr/lib/gcc/x86_64-linux-musl/9.3.0;/usr/lib;/lib]
  implicit fwks: []


